app/build/outputs/logs/manifest-merger-debug-report.txt
-- Merging decision tree log ---
manifest
ADDED from src\main\AndroidManifest.xml:2:1-49:12
	package
		ADDED from src\main\AndroidManifest.xml:3:5-41
		INJECTED from src\main\AndroidManifest.xml
		INJECTED from src\main\AndroidManifest.xml
	android:versionName
		ADDED from src\main\AndroidManifest.xml:5:5-30
		INJECTED from src\main\AndroidManifest.xml
		INJECTED from src\main\AndroidManifest.xml
	android:versionCode
		ADDED from src\main\AndroidManifest.xml:4:5-28
		INJECTED from src\main\AndroidManifest.xml
		INJECTED from src\main\AndroidManifest.xml
	xmlns:android
		ADDED from src\main\AndroidManifest.xml:2:11-69
uses-sdk
ADDED from src\main\AndroidManifest.xml:7:5-9:41
	android:targetSdkVersion
		ADDED from src\main\AndroidManifest.xml:9:9-38
		INJECTED from src\main\AndroidManifest.xml
		INJECTED from src\main\AndroidManifest.xml
	android:minSdkVersion
		ADDED from src\main\AndroidManifest.xml:8:9-35
		INJECTED from src\main\AndroidManifest.xml
		INJECTED from src\main\AndroidManifest.xml
uses-permission#android.permission.RECEIVE_BOOT_COMPLETED
ADDED from src\main\AndroidManifest.xml:11:5-81
	android:name
		ADDED from src\main\AndroidManifest.xml:11:22-78
uses-permission#android.permission.VIBRATE
ADDED from src\main\AndroidManifest.xml:12:5-66
	android:name
		ADDED from src\main\AndroidManifest.xml:12:22-63
uses-permission#android.permission.WRITE_EXTERNAL_STORAGE
ADDED from src\main\AndroidManifest.xml:13:5-81
	android:name
		ADDED from src\main\AndroidManifest.xml:13:22-78
uses-permission#android.permission.READ_PHONE_STATE
ADDED from src\main\AndroidManifest.xml:14:5-75
	android:name
		ADDED from src\main\AndroidManifest.xml:14:22-72
uses-permission#android.permission.READ_EXTERNAL_STORAGE
ADDED from src\main\AndroidManifest.xml:15:5-80
	android:name
		ADDED from src\main\AndroidManifest.xml:15:22-77
application
ADDED from src\main\AndroidManifest.xml:17:5-47:19
	android:label
		ADDED from src\main\AndroidManifest.xml:20:9-41
	android:icon
		ADDED from src\main\AndroidManifest.xml:19:9-39
	android:theme
		ADDED from src\main\AndroidManifest.xml:21:9-41
	android:name
		ADDED from src\main\AndroidManifest.xml:18:9-39
activity#com.firebee.pengingattugas.MainActivity
ADDED from src\main\AndroidManifest.xml:22:9-30:20
	android:label
		ADDED from src\main\AndroidManifest.xml:24:13-45
	android:name
		ADDED from src\main\AndroidManifest.xml:23:13-41
intent-filter#android.intent.action.MAIN+android.intent.category.LAUNCHER
ADDED from src\main\AndroidManifest.xml:25:13-29:29
action#android.intent.action.MAIN
ADDED from src\main\AndroidManifest.xml:26:17-69
	android:name
		ADDED from src\main\AndroidManifest.xml:26:25-66
category#android.intent.category.LAUNCHER
ADDED from src\main\AndroidManifest.xml:28:17-77
	android:name
		ADDED from src\main\AndroidManifest.xml:28:27-74
activity#com.firebee.pengingattugas.AddAlarmActivity
ADDED from src\main\AndroidManifest.xml:31:9-33:57
	android:windowSoftInputMode
		ADDED from src\main\AndroidManifest.xml:33:13-54
	android:name
		ADDED from src\main\AndroidManifest.xml:32:13-45
activity#com.firebee.pengingattugas.SettingsActivity
ADDED from src\main\AndroidManifest.xml:34:9-54
	android:name
		ADDED from src\main\AndroidManifest.xml:34:19-51
receiver#com.firebee.pengingattugas.AlarmSetter
ADDED from src\main\AndroidManifest.xml:36:9-40:20
	android:name
		ADDED from src\main\AndroidManifest.xml:36:19-46
intent-filter#android.intent.action.BOOT_COMPLETED
ADDED from src\main\AndroidManifest.xml:37:13-39:29
action#android.intent.action.BOOT_COMPLETED
ADDED from src\main\AndroidManifest.xml:38:17-79
	android:name
		ADDED from src\main\AndroidManifest.xml:38:25-76
receiver#com.firebee.pengingattugas.AlarmReceiver
ADDED from src\main\AndroidManifest.xml:41:9-51
	android:name
		ADDED from src\main\AndroidManifest.xml:41:19-48
service#com.firebee.pengingattugas.AlarmService
ADDED from src\main\AndroidManifest.xml:43:9-49
	android:name
		ADDED from src\main\AndroidManifest.xml:43:18-46
activity#com.firebee.pengingattugas.tes_receiver_alarm
ADDED from src\main\AndroidManifest.xml:45:9-56
	android:name
		ADDED from src\main\AndroidManifest.xml:45:19-53
activity#com.firebee.pengingattugas.Main2Activity
ADDED from src\main\AndroidManifest.xml:46:9-60
	android:name
		ADDED from src\main\AndroidManifest.xml:46:19-48